<?xml version="1.0" encoding="UTF-8"?>
<coverage generated="1614398011209" clover="3.2.0">
  <project timestamp="1614398011209" name="All files">
    <metrics statements="4" coveredstatements="4" conditionals="0" coveredconditionals="0" methods="2" coveredmethods="2" elements="6" coveredelements="6" complexity="0" loc="4" ncloc="4" packages="1" files="2" classes="2"/>
    <file name="App.jsx" path="/Users/anna/HackReactor/FEC/thirdTimesACharm/QandA/App.jsx">
      <metrics statements="2" coveredstatements="2" conditionals="0" coveredconditionals="0" methods="1" coveredmethods="1"/>
      <line num="15" count="1" type="stmt"/>
      <line num="16" count="1" type="stmt"/>
    </file>
    <file name="SubApp.jsx" path="/Users/anna/HackReactor/FEC/thirdTimesACharm/QandA/SubApp.jsx">
      <metrics statements="2" coveredstatements="2" conditionals="0" coveredconditionals="0" methods="1" coveredmethods="1"/>
      <line num="3" count="1" type="stmt"/>
      <line num="4" count="1" type="stmt"/>
    </file>
  </project>
</coverage>
