{"/Users/anna/HackReactor/FEC/thirdTimesACharm/QandA/App.jsx": {"path":"/Users/anna/HackReactor/FEC/thirdTimesACharm/QandA/App.jsx","statementMap":{"0":{"start":{"line":15,"column":12},"end":{"line":20,"column":1}},"1":{"start":{"line":16,"column":2},"end":{"line":19,"column":8}}},"fnMap":{"0":{"name":"(anonymous_0)","decl":{"start":{"line":15,"column":12},"end":{"line":15,"column":13}},"loc":{"start":{"line":16,"column":2},"end":{"line":19,"column":8}},"line":16}},"branchMap":{},"s":{"0":1,"1":1},"f":{"0":1},"b":{},"_coverageSchema":"1a1c01bbd47fc00a2c39e90264f33305004495a9","hash":"2c8116c43b53f79bd5fd81685b490e6ba96eff2d"}
,"/Users/anna/HackReactor/FEC/thirdTimesACharm/QandA/SubApp.jsx": {"path":"/Users/anna/HackReactor/FEC/thirdTimesACharm/QandA/SubApp.jsx","statementMap":{"0":{"start":{"line":3,"column":15},"end":{"line":7,"column":1}},"1":{"start":{"line":4,"column":2},"end":{"line":6,"column":8}}},"fnMap":{"0":{"name":"(anonymous_0)","decl":{"start":{"line":3,"column":15},"end":{"line":3,"column":16}},"loc":{"start":{"line":4,"column":2},"end":{"line":6,"column":8}},"line":4}},"branchMap":{},"s":{"0":1,"1":1},"f":{"0":1},"b":{},"_coverageSchema":"1a1c01bbd47fc00a2c39e90264f33305004495a9","hash":"78a08cef84d475405a508cb4b6b3c207ff66305c"}
}
