{"/Users/gusfeliciano345/Desktop/Hack Reactor/bootcamp/FEC/soloFEC/thirdTimesACharm/Reviews/enzymeTests/sum.js": {"path":"/Users/gusfeliciano345/Desktop/Hack Reactor/bootcamp/FEC/soloFEC/thirdTimesACharm/Reviews/enzymeTests/sum.js","statementMap":{"0":{"start":{"line":2,"column":2},"end":{"line":2,"column":15}},"1":{"start":{"line":4,"column":0},"end":{"line":4,"column":21}}},"fnMap":{"0":{"name":"sum","decl":{"start":{"line":1,"column":9},"end":{"line":1,"column":12}},"loc":{"start":{"line":1,"column":19},"end":{"line":3,"column":1}},"line":1}},"branchMap":{},"s":{"0":1,"1":1},"f":{"0":1},"b":{},"_coverageSchema":"1a1c01bbd47fc00a2c39e90264f33305004495a9","hash":"87c81fb3ebe43d832d73d8cfafd7d8183dd33ff7"}
,"/Users/gusfeliciano345/Desktop/Hack Reactor/bootcamp/FEC/soloFEC/thirdTimesACharm/Reviews/src/Components/MainApp.jsx": {"path":"/Users/gusfeliciano345/Desktop/Hack Reactor/bootcamp/FEC/soloFEC/thirdTimesACharm/Reviews/src/Components/MainApp.jsx","statementMap":{"0":{"start":{"line":5,"column":4},"end":{"line":5,"column":17}},"1":{"start":{"line":6,"column":4},"end":{"line":8,"column":6}},"2":{"start":{"line":12,"column":4},"end":{"line":19,"column":6}}},"fnMap":{"0":{"name":"(anonymous_0)","decl":{"start":{"line":4,"column":2},"end":{"line":4,"column":3}},"loc":{"start":{"line":4,"column":21},"end":{"line":9,"column":3}},"line":4},"1":{"name":"(anonymous_1)","decl":{"start":{"line":11,"column":2},"end":{"line":11,"column":3}},"loc":{"start":{"line":11,"column":11},"end":{"line":20,"column":3}},"line":11}},"branchMap":{},"s":{"0":1,"1":1,"2":1},"f":{"0":1,"1":1},"b":{},"_coverageSchema":"1a1c01bbd47fc00a2c39e90264f33305004495a9","hash":"01a88df07ba8f0515f9001d59b0f4694722d229b"}
}
