{"/Users/gusfeliciano345/Desktop/Hack Reactor/bootcamp/FEC/soloFEC/thirdTimesACharm/Reviews/enzymeTests/sum.js": {"path":"/Users/gusfeliciano345/Desktop/Hack Reactor/bootcamp/FEC/soloFEC/thirdTimesACharm/Reviews/enzymeTests/sum.js","statementMap":{"0":{"start":{"line":2,"column":2},"end":{"line":2,"column":15}},"1":{"start":{"line":4,"column":0},"end":{"line":4,"column":21}}},"fnMap":{"0":{"name":"sum","decl":{"start":{"line":1,"column":9},"end":{"line":1,"column":12}},"loc":{"start":{"line":1,"column":19},"end":{"line":3,"column":1}},"line":1}},"branchMap":{},"s":{"0":1,"1":1},"f":{"0":1},"b":{},"_coverageSchema":"1a1c01bbd47fc00a2c39e90264f33305004495a9","hash":"87c81fb3ebe43d832d73d8cfafd7d8183dd33ff7"}
,"/Users/gusfeliciano345/Desktop/Hack Reactor/bootcamp/FEC/soloFEC/thirdTimesACharm/Reviews/src/Components/MainApp.jsx": {"path":"/Users/gusfeliciano345/Desktop/Hack Reactor/bootcamp/FEC/soloFEC/thirdTimesACharm/Reviews/src/Components/MainApp.jsx","statementMap":{"0":{"start":{"line":7,"column":4},"end":{"line":7,"column":17}},"1":{"start":{"line":8,"column":4},"end":{"line":12,"column":6}},"2":{"start":{"line":14,"column":4},"end":{"line":14,"column":56}},"3":{"start":{"line":18,"column":19},"end":{"line":18,"column":39}},"4":{"start":{"line":19,"column":4},"end":{"line":28,"column":9}},"5":{"start":{"line":25,"column":8},"end":{"line":27,"column":11}},"6":{"start":{"line":32,"column":21},"end":{"line":32,"column":47}},"7":{"start":{"line":33,"column":4},"end":{"line":35,"column":7}},"8":{"start":{"line":39,"column":20},"end":{"line":39,"column":38}},"9":{"start":{"line":40,"column":24},"end":{"line":40,"column":46}},"10":{"start":{"line":41,"column":4},"end":{"line":48,"column":6}}},"fnMap":{"0":{"name":"(anonymous_0)","decl":{"start":{"line":6,"column":2},"end":{"line":6,"column":3}},"loc":{"start":{"line":6,"column":21},"end":{"line":15,"column":3}},"line":6},"1":{"name":"(anonymous_1)","decl":{"start":{"line":17,"column":2},"end":{"line":17,"column":3}},"loc":{"start":{"line":17,"column":22},"end":{"line":29,"column":3}},"line":17},"2":{"name":"(anonymous_2)","decl":{"start":{"line":24,"column":12},"end":{"line":24,"column":13}},"loc":{"start":{"line":24,"column":22},"end":{"line":28,"column":7}},"line":24},"3":{"name":"(anonymous_3)","decl":{"start":{"line":31,"column":2},"end":{"line":31,"column":3}},"loc":{"start":{"line":31,"column":19},"end":{"line":36,"column":3}},"line":31},"4":{"name":"(anonymous_4)","decl":{"start":{"line":38,"column":2},"end":{"line":38,"column":3}},"loc":{"start":{"line":38,"column":11},"end":{"line":49,"column":3}},"line":38}},"branchMap":{},"s":{"0":1,"1":1,"2":1,"3":1,"4":1,"5":0,"6":0,"7":0,"8":1,"9":1,"10":1},"f":{"0":1,"1":1,"2":0,"3":0,"4":1},"b":{},"_coverageSchema":"1a1c01bbd47fc00a2c39e90264f33305004495a9","hash":"ad282b7a361e0668352fb6f22ffbacc539e5c38b"}
,"/Users/gusfeliciano345/Desktop/Hack Reactor/bootcamp/FEC/soloFEC/thirdTimesACharm/Reviews/src/Components/ReviewBody.jsx": {"path":"/Users/gusfeliciano345/Desktop/Hack Reactor/bootcamp/FEC/soloFEC/thirdTimesACharm/Reviews/src/Components/ReviewBody.jsx","statementMap":{"0":{"start":{"line":4,"column":19},"end":{"line":13,"column":1}},"1":{"start":{"line":5,"column":2},"end":{"line":12,"column":8}},"2":{"start":{"line":15,"column":0},"end":{"line":18,"column":2}},"3":{"start":{"line":20,"column":0},"end":{"line":23,"column":2}}},"fnMap":{"0":{"name":"(anonymous_0)","decl":{"start":{"line":4,"column":19},"end":{"line":4,"column":20}},"loc":{"start":{"line":5,"column":2},"end":{"line":12,"column":8}},"line":5}},"branchMap":{},"s":{"0":1,"1":0,"2":1,"3":1},"f":{"0":0},"b":{},"_coverageSchema":"1a1c01bbd47fc00a2c39e90264f33305004495a9","hash":"3d407c3abfd6ab1956735b93e2a50230b3722f9d"}
,"/Users/gusfeliciano345/Desktop/Hack Reactor/bootcamp/FEC/soloFEC/thirdTimesACharm/Reviews/src/Components/ReviewHelpful.jsx": {"path":"/Users/gusfeliciano345/Desktop/Hack Reactor/bootcamp/FEC/soloFEC/thirdTimesACharm/Reviews/src/Components/ReviewHelpful.jsx","statementMap":{"0":{"start":{"line":4,"column":22},"end":{"line":19,"column":1}},"1":{"start":{"line":5,"column":2},"end":{"line":18,"column":8}}},"fnMap":{"0":{"name":"(anonymous_0)","decl":{"start":{"line":4,"column":22},"end":{"line":4,"column":23}},"loc":{"start":{"line":5,"column":2},"end":{"line":18,"column":8}},"line":5}},"branchMap":{},"s":{"0":1,"1":0},"f":{"0":0},"b":{},"_coverageSchema":"1a1c01bbd47fc00a2c39e90264f33305004495a9","hash":"a011d44056b80238f185da99dc2cbcea4e35b85c"}
,"/Users/gusfeliciano345/Desktop/Hack Reactor/bootcamp/FEC/soloFEC/thirdTimesACharm/Reviews/src/Components/ReviewList.jsx": {"path":"/Users/gusfeliciano345/Desktop/Hack Reactor/bootcamp/FEC/soloFEC/thirdTimesACharm/Reviews/src/Components/ReviewList.jsx","statementMap":{"0":{"start":{"line":5,"column":19},"end":{"line":28,"column":1}},"1":{"start":{"line":6,"column":21},"end":{"line":6,"column":28}},"2":{"start":{"line":7,"column":26},"end":{"line":7,"column":58}},"3":{"start":{"line":8,"column":2},"end":{"line":18,"column":3}},"4":{"start":{"line":9,"column":4},"end":{"line":17,"column":6}},"5":{"start":{"line":14,"column":48},"end":{"line":14,"column":94}},"6":{"start":{"line":19,"column":2},"end":{"line":27,"column":4}},"7":{"start":{"line":24,"column":46},"end":{"line":24,"column":92}},"8":{"start":{"line":25,"column":45},"end":{"line":25,"column":62}}},"fnMap":{"0":{"name":"(anonymous_0)","decl":{"start":{"line":5,"column":19},"end":{"line":5,"column":20}},"loc":{"start":{"line":5,"column":65},"end":{"line":28,"column":1}},"line":5},"1":{"name":"(anonymous_1)","decl":{"start":{"line":14,"column":29},"end":{"line":14,"column":30}},"loc":{"start":{"line":14,"column":48},"end":{"line":14,"column":94}},"line":14},"2":{"name":"(anonymous_2)","decl":{"start":{"line":24,"column":27},"end":{"line":24,"column":28}},"loc":{"start":{"line":24,"column":46},"end":{"line":24,"column":92}},"line":24},"3":{"name":"(anonymous_3)","decl":{"start":{"line":25,"column":37},"end":{"line":25,"column":38}},"loc":{"start":{"line":25,"column":43},"end":{"line":25,"column":64}},"line":25}},"branchMap":{"0":{"loc":{"start":{"line":8,"column":2},"end":{"line":18,"column":3}},"type":"if","locations":[{"start":{"line":8,"column":2},"end":{"line":18,"column":3}},{"start":{"line":8,"column":2},"end":{"line":18,"column":3}}],"line":8}},"s":{"0":1,"1":0,"2":0,"3":0,"4":0,"5":0,"6":0,"7":0,"8":0},"f":{"0":0,"1":0,"2":0,"3":0},"b":{"0":[0,0]},"_coverageSchema":"1a1c01bbd47fc00a2c39e90264f33305004495a9","hash":"ece9c6ea5cd88a23b9fd2563f9f33fe4ffc52416"}
,"/Users/gusfeliciano345/Desktop/Hack Reactor/bootcamp/FEC/soloFEC/thirdTimesACharm/Reviews/src/Components/ReviewListItem.jsx": {"path":"/Users/gusfeliciano345/Desktop/Hack Reactor/bootcamp/FEC/soloFEC/thirdTimesACharm/Reviews/src/Components/ReviewListItem.jsx","statementMap":{"0":{"start":{"line":7,"column":23},"end":{"line":15,"column":1}},"1":{"start":{"line":9,"column":2},"end":{"line":13,"column":8}},"2":{"start":{"line":17,"column":0},"end":{"line":19,"column":2}}},"fnMap":{"0":{"name":"(anonymous_0)","decl":{"start":{"line":7,"column":23},"end":{"line":7,"column":24}},"loc":{"start":{"line":9,"column":2},"end":{"line":13,"column":8}},"line":9}},"branchMap":{},"s":{"0":1,"1":0,"2":1},"f":{"0":0},"b":{},"_coverageSchema":"1a1c01bbd47fc00a2c39e90264f33305004495a9","hash":"ec3116db3a6c9bb315fc0958a3d8c0ce70473740"}
,"/Users/gusfeliciano345/Desktop/Hack Reactor/bootcamp/FEC/soloFEC/thirdTimesACharm/Reviews/src/Components/ReviewTop.jsx": {"path":"/Users/gusfeliciano345/Desktop/Hack Reactor/bootcamp/FEC/soloFEC/thirdTimesACharm/Reviews/src/Components/ReviewTop.jsx","statementMap":{"0":{"start":{"line":4,"column":18},"end":{"line":12,"column":1}},"1":{"start":{"line":5,"column":2},"end":{"line":11,"column":8}}},"fnMap":{"0":{"name":"(anonymous_0)","decl":{"start":{"line":4,"column":18},"end":{"line":4,"column":19}},"loc":{"start":{"line":5,"column":2},"end":{"line":11,"column":8}},"line":5}},"branchMap":{},"s":{"0":1,"1":0},"f":{"0":0},"b":{},"_coverageSchema":"1a1c01bbd47fc00a2c39e90264f33305004495a9","hash":"9c4a5f40d614ca44b1992a38ff12566c8cfd36f0"}
}
