<?xml version="1.0" encoding="UTF-8"?>
<coverage generated="1614398517859" clover="3.2.0">
  <project timestamp="1614398517859" name="All files">
    <metrics statements="4" coveredstatements="3" conditionals="0" coveredconditionals="0" methods="2" coveredmethods="1" elements="6" coveredelements="4" complexity="0" loc="4" ncloc="4" packages="1" files="2" classes="2"/>
    <file name="App.js" path="/Users/momosun/workspace/hackreactor/FEC/thirdTimesACharm/ProductDetails/src/components/App.js">
      <metrics statements="2" coveredstatements="2" conditionals="0" coveredconditionals="0" methods="1" coveredmethods="1"/>
      <line num="5" count="1" type="stmt"/>
      <line num="7" count="1" type="stmt"/>
    </file>
    <file name="SubApp.js" path="/Users/momosun/workspace/hackreactor/FEC/thirdTimesACharm/ProductDetails/src/components/SubApp.js">
      <metrics statements="2" coveredstatements="1" conditionals="0" coveredconditionals="0" methods="1" coveredmethods="0"/>
      <line num="3" count="1" type="stmt"/>
      <line num="4" count="0" type="stmt"/>
    </file>
  </project>
</coverage>
