{"/Users/momosun/workspace/hackreactor/FEC/thirdTimesACharm/ProductDetails/src/components/App.js": {"path":"/Users/momosun/workspace/hackreactor/FEC/thirdTimesACharm/ProductDetails/src/components/App.js","statementMap":{"0":{"start":{"line":5,"column":12},"end":{"line":11,"column":1}},"1":{"start":{"line":7,"column":4},"end":{"line":10,"column":10}}},"fnMap":{"0":{"name":"(anonymous_0)","decl":{"start":{"line":5,"column":12},"end":{"line":5,"column":13}},"loc":{"start":{"line":7,"column":4},"end":{"line":10,"column":10}},"line":7}},"branchMap":{},"s":{"0":1,"1":1},"f":{"0":1},"b":{},"_coverageSchema":"1a1c01bbd47fc00a2c39e90264f33305004495a9","hash":"0608ea8676b49735323afd09a6f2f1040a947f12"}
,"/Users/momosun/workspace/hackreactor/FEC/thirdTimesACharm/ProductDetails/src/components/SubApp.js": {"path":"/Users/momosun/workspace/hackreactor/FEC/thirdTimesACharm/ProductDetails/src/components/SubApp.js","statementMap":{"0":{"start":{"line":3,"column":15},"end":{"line":9,"column":1}},"1":{"start":{"line":4,"column":4},"end":{"line":8,"column":5}}},"fnMap":{"0":{"name":"(anonymous_0)","decl":{"start":{"line":3,"column":15},"end":{"line":3,"column":16}},"loc":{"start":{"line":3,"column":21},"end":{"line":9,"column":1}},"line":3}},"branchMap":{},"s":{"0":1,"1":0},"f":{"0":0},"b":{},"_coverageSchema":"1a1c01bbd47fc00a2c39e90264f33305004495a9","hash":"2e302a082324c81ec7a9786880813ce4471743a2"}
}
