<?xml version="1.0" encoding="UTF-8"?>
<coverage generated="1614400286774" clover="3.2.0">
  <project timestamp="1614400286774" name="All files">
    <metrics statements="9" coveredstatements="6" conditionals="2" coveredconditionals="2" methods="5" coveredmethods="2" elements="16" coveredelements="10" complexity="0" loc="9" ncloc="9" packages="1" files="2" classes="2"/>
    <file name="ChildComponent.jsx" path="/Users/jincheng/Desktop/projects/testing/thirdTimesACharm/RelatedProducts/src/ChildComponent.jsx">
      <metrics statements="1" coveredstatements="0" conditionals="0" coveredconditionals="0" methods="1" coveredmethods="0"/>
      <line num="5" count="0" type="stmt"/>
    </file>
    <file name="Link.jsx" path="/Users/jincheng/Desktop/projects/testing/thirdTimesACharm/RelatedProducts/src/Link.jsx">
      <metrics statements="8" coveredstatements="6" conditionals="2" coveredconditionals="2" methods="4" coveredmethods="2"/>
      <line num="3" count="1" type="stmt"/>
      <line num="10" count="1" type="stmt"/>
      <line num="12" count="1" type="stmt"/>
      <line num="13" count="1" type="stmt"/>
      <line num="15" count="1" type="stmt"/>
      <line num="21" count="0" type="stmt"/>
      <line num="25" count="0" type="stmt"/>
      <line num="29" count="1" type="stmt"/>
    </file>
  </project>
</coverage>
